{
    "Budapest": {
        "coord": {
            "lon": 19.0408,
            "lat": 47.4983
        },
        "weather": [
            {
                "id": 804,
                "main": "Clouds",
                "description": "overcast clouds",
                "icon": "04n"
            }
        ],
        "base": "stations",
        "main": {
            "temp": 6.92,
            "feels_like": 5.55,
            "temp_min": 6.71,
            "temp_max": 8.25,
            "pressure": 998,
            "humidity": 97
        },
        "visibility": 10000,
        "wind": {
            "speed": 2.06,
            "deg": 340
        },
        "clouds": {
            "all": 100
        },
        "dt": 1668789809,
        "sys": {
            "type": 2,
            "id": 2009661,
            "country": "HU",
            "sunrise": 1668750769,
            "sunset": 1668783923
        },
        "timezone": 3600,
        "id": 3054643,
        "name": "Budapest",
        "cod": 200
    },
    "Győr": {
        "coord": {
            "lon": 17.6347,
            "lat": 47.6876
        },
        "weather": [
            {
                "id": 500,
                "main": "Rain",
                "description": "light rain",
                "icon": "10n"
            }
        ],
        "base": "stations",
        "main": {
            "temp": 7.05,
            "feels_like": 5.27,
            "temp_min": 5.57,
            "temp_max": 7.16,
            "pressure": 1000,
            "humidity": 93
        },
        "visibility": 7000,
        "wind": {
            "speed": 2.57,
            "deg": 300
        },
        "rain": {
            "1h": 0.15
        },
        "clouds": {
            "all": 100
        },
        "dt": 1668789829,
        "sys": {
            "type": 1,
            "id": 6670,
            "country": "HU",
            "sunrise": 1668751143,
            "sunset": 1668784225
        },
        "timezone": 3600,
        "id": 3052009,
        "name": "Győr",
        "cod": 200
    }
}